[Bootstrap]
SetupTitle=Install
SetupText=Copying Files, please stand by.
CabFile=EOP2.CAB
Spawn=Setup1.exe
Uninstal=st6unst.exe
TmpDir=msftqws.pdw
Cabs=1

[Bootstrap Files]
File1=@VB6STKIT.DLL,$(WinSysPathSysFile),,,7/15/00 12:00:00 AM,101888,6.0.84.50
File2=@COMCAT.DLL,$(WinSysPathSysFile),$(DLLSelfRegister),,5/31/98 12:00:00 AM,22288,4.71.1460.1
File3=@stdole2.tlb,$(WinSysPathSysFile),$(TLBRegister),,11/2/06 12:29:16 AM,16896,6.0.6000.16386
File4=@asycfilt.dll,$(WinSysPathSysFile),,,2/3/16 10:05:25 AM,67072,6.0.6002.19596
File5=@olepro32.dll,$(WinSysPathSysFile),$(DLLSelfRegister),,2/3/16 10:06:33 AM,89600,6.0.6002.19596
File6=@oleaut32.dll,$(WinSysPathSysFile),$(DLLSelfRegister),,2/3/16 10:06:33 AM,564736,6.0.6002.19596
File7=@msvbvm60.dll,$(WinSysPathSysFile),$(DLLSelfRegister),,1/20/08 7:24:11 PM,1386496,6.0.98.2

[IconGroups]
Group0=EOP2 Software
PrivateGroup0=True
Parent0=$(Programs)

[EOP2 Software]
Icon1="EQL.exe"
Title1=EQL
StartIn1=$(AppPath)
Icon2="GASTAB.exe"
Title2=GASTAB
StartIn2=$(AppPath)
Icon3="PARA.exe"
Title3=PARA
StartIn3=$(AppPath)
Icon4="PERF.exe"
Title4=PERF
StartIn4=$(AppPath)
Icon5="TURBN.exe"
Title5=TURBN
StartIn5=$(AppPath)
Icon6="AFProp.exe"
Title6=AFProp
StartIn6=$(AppPath)
Icon7="ATMOS.exe"
Title7=ATMOS
StartIn7=$(AppPath)
Icon8="COMPR.exe"
Title8=COMPR
StartIn8=$(AppPath)

[Setup]
Title=EOP2 Software
DefaultDir=$(ProgramFiles)\EOP2
AppExe=PARA.exe
AppToUninstall=PARA.exe

[Setup1 Files]
File1=@OLCH3D-U.HLP,$(AppPath),,,9/27/99 7:02:00 AM,194691,0.0.0.0
File2=@OLCH2D-U.HLP,$(AppPath),,,9/27/99 7:02:00 AM,252711,0.0.0.0
File3=@MSCOMCT2.OCX,$(WinSysPath),$(DLLSelfRegister),$(Shared),9/22/03 9:00:00 PM,647872,6.0.88.4
File4=@TABCTL32.OCX,$(WinSysPath),$(DLLSelfRegister),$(Shared),9/22/03 9:00:00 PM,209608,6.0.90.43
File5=@olch3x32.ocx,$(WinSysPath),$(DLLSelfRegister),$(Shared),9/27/99 6:02:00 AM,1557656,6.0.2.0
File6=@Msflxgrd.ocx,$(WinSysPath),$(DLLSelfRegister),$(Shared),1/21/05 8:50:00 AM,244232,6.0.84.18
File7=@MSCOMCTL.OCX,$(WinSysPath),$(DLLSelfRegister),$(Shared),12/9/15 7:58:16 PM,1070232,6.1.98.46
File8=@TURBN.exe,$(AppPath),,,4/12/16 8:30:58 AM,741376,5.5.0.0
File9=@PERF.exe,$(AppPath),,,4/11/16 7:45:22 AM,2027520,5.0.0.0
File10=@GASTAB.exe,$(AppPath),,,2/22/09 6:54:00 PM,1556480,0.0.0.0
File11=@EQL.exe,$(AppPath),,,12/2/09 8:20:58 AM,1310720,0.0.0.0
File12=@COMPR.exe,$(AppPath),,,4/12/16 8:33:00 AM,823296,5.5.0.0
File13=@ATMOS.exe,$(AppPath),,,2/22/09 6:53:20 PM,1142784,0.0.0.0
File14=@AFProp.exe,$(AppPath),,,4/3/05 9:48:14 AM,49152,2.0.0.0
File15=@olch2x32.ocx,$(WinSysPath),$(DLLSelfRegister),$(Shared),4/11/02 7:48:12 PM,1762456,6.0.2.0
File16=@COMDLG32.OCX,$(WinSysPath),$(DLLSelfRegister),$(Shared),7/14/04 4:26:46 PM,152848,6.1.97.82
File17=@PARA.exe,$(AppPath),,,4/10/16 4:17:45 PM,1015808,5.0.0.0

; The following lines may be deleted in order to obtain extra 
; space for customizing this file on a full installation diskette.
; 
; XXXXXXXXXXXXXXXXXXXXXXXXXXXXXXXXXXXXXXXXXXXXXXXXXXXXXXXXXXXX
; XXXXXXXXXXXXXXXXXXXXXXXXXXXXXXXXXXXXXXXXXXXXXXXXXXXXXXXXXXXX
; XXXXXXXXXXXXXXXXXXXXXXXXXXXXXXXXXXXXXXXXXXXXXXXXXXXXXXXXXXXX
; XXXXXXXXXXXXXXXXXXXXXXXXXXXXXXXXXXXXXXXXXXXXXXXXXXXXXXXXXXXX
; XXXXXXXXXXXXXXXXXXXXXXXXXXXXXXXXXXXXXXXXXXXXXXXXXXXXXXXXXXXX
; XXXXXXXXXXXXXXXXXXXXXXXXXXXXXXXXXXXXXXXXXXXXXXXXXXXXXXXXXXXX
; XXXXXXXXXXXXXXXXXXXXXXXXXXXXXXXXXXXXXXXXXXXXXXXXXXXXXXXXXXXX
; XXXXXXXXXXXXXXXXXXXXXXXXXXXXXXXXXXXXXXXXXXXXXXXXXXXXXXXXXXXX
; XXXXXXXXXXXXXXXXXXXXXXXXXXXXXXXXXXXXXXXXXXXXXXXXXXXXXXXXXXXX
; XXXXXXXXXXXXXXXXXXXXXXXXXXXXXXXXXXXXXXXXXXXXXXXXXXXXXXXXXXXX
; XXXXXXXXXXXXXXXXXXXXXXXXXXXXXXXXXXXXXXXXXXXXXXXXXXXXXXXXXXXX
; XXXXXXXXXXXXXXXXXXXXXXXXXXXXXXXXXXXXXXXXXXXXXXXXXXXXXXXXXXXX
; XXXXXXXXXXXXXXXXXXXXXXXXXXXXXXXXXXXXXXXXXXXXXXXXXXXXXXXXXXXX
; XXXXXXXXXXXXXXXXXXXXXXXXXXXXXXXXXXXXXXXXXXXXXXXXXXXXXXXXXXXX
; XXXXXXXXXXXXXXXXXXXXXXXXXXXXXXXXXXXXXXXXXXXXXXXXXXXXXXXXXXXX
; XXXXXXXXXXXXXXXXXXXXXXXXXXXXXXXXXXXXXXXXXXXXXXXXXXXXXXXXXXXX
; XXXXXXXXXXXXXXXXXXXXXXXXXXXXXXXXXXXXXXXXXXXXXXXXXXXXXXXXXXXX
; XXXXXXXXXXXXXXXXXXXXXXXXXXXXXXXXXXXXXXXXXXXXXXXXXXXXXXXXXXXX
; XXXXXXXXXXXXXXXXXXXXXXXXXXXXXXXXXXXXXXXXXXXXXXXXXXXXXXXXXXXX
; XXXXXXXXXXXXXXXXXXXXXXXXXXXXXXXXXXXXXXXXXXXXXXXXXXXXXXXXXXXX
; XXXXXXXXXXXXXXXXXXXXXXXXXXXXXXXXXXXXXXXXXXXXXXXXXXXXXXXXXXXX
; XXXXXXXXXXXXXXXXXXXXXXXXXXXXXXXXXXXXXXXXXXXXXXXXXXXXXXXXXXXX
; XXXXXXXXXXXXXXXXXXXXXXXXXXXXXXXXXXXXXXXXXXXXXXXXXXXXXXXXXXXX
; XXXXXXXXXXXXXXXXXXXXXXXXXXXXXXXXXXXXXXXXXXXXXXXXXXXXXXXXXXXX
; XXXXXXXXXXXXXXXXXXXXXXXXXXXXXXXXXXXXXXXXXXXXXXXXXXXXXXXXXXXX
; XXXXXXXXXXXXXXXXXXXXXXXXXXXXXXXXXXXXXXXXXXXXXXXXXXXXXXXXXXXX
; XXXXXXXXXXXXXXXXXXXXXXXXXXXXXXXXXXXXXXXXXXXXXXXXXXXXXXXXXXXX
; XXXXXXXXXXXXXXXXXXXXXXXXXXXXXXXXXXXXXXXXXXXXXXXXXXXXXXXXXXXX
; XXXXXXXXXXXXXXXXXXXXXXXXXXXXXXXXXXXXXXXXXXXXXXXXXXXXXXXXXXXX
; XXXXXXXXXXXXXXXXXXXXXXXXXXXXXXXXXXXXXXXXXXXXXXXXXXXXXXXXXXXX
; XXXXXXXXXXXXXXXXXXXXXXXXXXXXXXXXXXXXXXXXXXXXXXXXXXXXXXXXXXXX
; XXXXXXXXXXXXXXXXXXXXXXXXXXXXXXXXXXXXXXXXXXXXXXXXXXXXXXXXXXXX
; XXXXXXXXXXXXXXXXXXXXXXXXXXXXXXXXXXXXXXXXXXXXXXXXXXXXXXXXXXXX
; XXXXXXXXXXXXXXXXXXXXXXXXXXXXXXXXXXXXXXXXXXXXXXXXXXXXXXXXXXXX
; XXXXXXXXXXXXXXXXXXXXXXXXXXXXXXXXXXXXXXXXXXXXXXXXXXXXXXXXXXXX
